  oclMarchingCubes.cpp
j:\oclmarchingcubes\nvidia gpu computing sdk\opencl\src\oclmarchingcubes\ScanApple.h(30): warning C4005: 'min': macro redefinition
  C:\Program Files (x86)\Windows Kits\8.1\Include\shared\minwindef.h(197): note: see previous definition of 'min'
  Note: including windows.h
  Note: including math.h
  Note: including assert.h
  Note: including shrUtils.h
  Note: including opencl.h
  Note: including windows.h
  Note: including math.h
  Note: including assert.h
  Note: including time.h
oclMarchingCubes.cpp(431): warning C4996: 'sprintf': This function or variable may be unsafe. Consider using sprintf_s instead. To disable deprecation, use _CRT_SECURE_NO_WARNINGS. See online help for details.
  C:\Program Files (x86)\Windows Kits\10\Include\10.0.10240.0\ucrt\stdio.h(1769): note: see declaration of 'sprintf'
oclMarchingCubes.cpp(448): warning C4996: 'fopen': This function or variable may be unsafe. Consider using fopen_s instead. To disable deprecation, use _CRT_SECURE_NO_WARNINGS. See online help for details.
  C:\Program Files (x86)\Windows Kits\10\Include\10.0.10240.0\ucrt\stdio.h(205): note: see declaration of 'fopen'
oclMarchingCubes.cpp(465): warning C4996: 'fopen': This function or variable may be unsafe. Consider using fopen_s instead. To disable deprecation, use _CRT_SECURE_NO_WARNINGS. See online help for details.
  C:\Program Files (x86)\Windows Kits\10\Include\10.0.10240.0\ucrt\stdio.h(205): note: see declaration of 'fopen'
oclMarchingCubes.cpp(710): warning C4305: '=': truncation from 'double' to 'cl_float'
oclMarchingCubes.cpp(711): warning C4305: '=': truncation from 'double' to 'cl_float'
oclMarchingCubes.cpp(712): warning C4305: '=': truncation from 'double' to 'cl_float'
oclMarchingCubes.cpp(717): warning C4305: '=': truncation from 'double' to 'cl_float'
oclMarchingCubes.cpp(718): warning C4305: '=': truncation from 'double' to 'cl_float'
oclMarchingCubes.cpp(719): warning C4305: '=': truncation from 'double' to 'cl_float'
oclMarchingCubes.cpp(721): warning C4244: '=': conversion from 'double' to 'cl_float', possible loss of data
oclMarchingCubes.cpp(724): warning C4244: '=': conversion from 'double' to 'float', possible loss of data
oclMarchingCubes.cpp(726): warning C4244: '=': conversion from 'double' to 'float', possible loss of data
oclMarchingCubes.cpp(761): warning C4018: '<': signed/unsigned mismatch
oclMarchingCubes.cpp(764): warning C4018: '<': signed/unsigned mismatch
oclMarchingCubes.cpp(1168): warning C4305: 'argument': truncation from 'double' to 'GLfloat'
oclMarchingCubes.cpp(1336): warning C4244: '+=': conversion from 'double' to 'float', possible loss of data
oclMarchingCubes.cpp(1338): warning C4305: '=': truncation from 'double' to 'float'
oclMarchingCubes.cpp(1343): warning C4244: '=': conversion from 'double' to 'cl_float', possible loss of data
  oclMarchingCubes_vs2010.vcxproj -> J:\oclMarchingCubes\NVIDIA GPU Computing SDK\OpenCL\src\oclMarchingCubes\..\..\bin\Win64\Debug\oclMarchingCubes.exe
  oclMarchingCubes_vs2010.vcxproj -> ..\..\bin\Win64\Debug\oclMarchingCubes.pdb (Full PDB)
